<?xml version="1.0" encoding="UTF-8"?>
<!-- Generated by org.testng.reporters.JUnitXMLReporter -->
<testsuite hostname="DESKTOP-HH53EFL" name="Lead Test" tests="3" failures="0" timestamp="22 Oct 2020 00:05:45 GMT" time="0.012" errors="0">
  <testcase name="createLeadTest" time="0.001" classname="com.selenium.ZOHO.project.testcases.LeadTest"/>
  <testcase name="convertLeadTest" time="0.002" classname="com.selenium.ZOHO.project.testcases.LeadTest"/>
  <testcase name="deleteLeadAccountTest" time="0.001" classname="com.selenium.ZOHO.project.testcases.LeadTest"/>
</testsuite> <!-- Lead Test -->
