<?xml version="1.0" encoding="UTF-8"?>
<!-- Generated by org.testng.reporters.JUnitXMLReporter -->
<testsuite hostname="DESKTOP-HH53EFL" name="Login Test" tests="2" failures="2" timestamp="22 Oct 2020 00:05:45 GMT" time="30.818" errors="0">
  <testcase name="doLoginTest" time="15.107" classname="com.selenium.ZOHO.project.testcases.LoginTest">
    <failure type="java.lang.AssertionError" message="Locator not correct - /html/body/div[5]/div[3]/div[5]/button[1]">
      <![CDATA[java.lang.AssertionError: Locator not correct - /html/body/div[5]/div[3]/div[5]/button[1]
	at com.selenium.ZOHO.project.base.BaseTest.getElement(BaseTest.java:141)
	at com.selenium.ZOHO.project.base.BaseTest.click(BaseTest.java:118)
	at com.selenium.ZOHO.project.base.BaseTest.doLogin(BaseTest.java:279)
	at com.selenium.ZOHO.project.testcases.LoginTest.doLoginTest(LoginTest.java:44)
... Removed 25 stack frames]]>
    </failure>
  </testcase> <!-- doLoginTest -->
  <testcase name="doLoginTest" time="14.046" classname="com.selenium.ZOHO.project.testcases.LoginTest">
    <failure type="java.lang.AssertionError" message="Locator not correct - /html/body/div[5]/div[3]/div[5]/button[1]">
      <![CDATA[java.lang.AssertionError: Locator not correct - /html/body/div[5]/div[3]/div[5]/button[1]
	at com.selenium.ZOHO.project.base.BaseTest.getElement(BaseTest.java:141)
	at com.selenium.ZOHO.project.base.BaseTest.click(BaseTest.java:118)
	at com.selenium.ZOHO.project.base.BaseTest.doLogin(BaseTest.java:279)
	at com.selenium.ZOHO.project.testcases.LoginTest.doLoginTest(LoginTest.java:44)
... Removed 25 stack frames]]>
    </failure>
  </testcase> <!-- doLoginTest -->
</testsuite> <!-- Login Test -->
