<?xml version="1.0" encoding="UTF-8"?>
<!-- Generated by org.testng.reporters.JUnitXMLReporter -->
<testsuite hostname="DESKTOP-HH53EFL" name="Login Test" tests="2" failures="0" timestamp="25 Sep 2020 01:30:42 GMT" time="27.455" errors="0">
  <testcase name="doLoginTest" time="25.785" classname="com.selenium.ZOHO.project.testcases.LoginTest"/>
  <testcase name="doLoginTest" time="0.003" classname="com.selenium.ZOHO.project.testcases.LoginTest">
    <skipped/>
  </testcase> <!-- doLoginTest -->
</testsuite> <!-- Login Test -->
