<?xml version="1.0" encoding="UTF-8"?>
<!-- Generated by org.testng.reporters.JUnitXMLReporter -->
<testsuite hostname="DESKTOP-HH53EFL" name="Potential Test" tests="2" failures="0" timestamp="15 Oct 2020 18:41:48 GMT" time="0.012" errors="0">
  <testcase name="createPotentialTest" time="0.002" classname="com.selenium.ZOHO.project.testcases.PotentialTest"/>
  <testcase name="deletePotentialAccountTest" time="0.002" classname="com.selenium.ZOHO.project.testcases.PotentialTest"/>
</testsuite> <!-- Potential Test -->
