<?xml version="1.0" encoding="UTF-8"?>
<!-- Generated by org.testng.reporters.JUnitXMLReporter -->
<testsuite hostname="DESKTOP-HH53EFL" name="Default test" tests="2" failures="0" timestamp="24 Sep 2020 03:07:57 GMT" time="33.301" errors="0">
  <testcase name="doLoginTest" time="27.608" classname="com.selenium.ZOHO.project.testcases.LoginTest"/>
  <testcase name="doLoginTest" time="0.005" classname="com.selenium.ZOHO.project.testcases.LoginTest">
    <skipped/>
  </testcase> <!-- doLoginTest -->
</testsuite> <!-- Default test -->
