<?xml version="1.0" encoding="UTF-8"?>
<!-- Generated by org.testng.reporters.JUnitXMLReporter -->
<testsuite hostname="DESKTOP-HH53EFL" name="Default test" tests="2" failures="0" timestamp="23 Sep 2020 22:33:53 GMT" time="28.742" errors="0">
  <testcase name="doLoginTest" time="26.431" classname="com.selenium.ZOHO.project.testcases.LoginTest"/>
  <testcase name="doLoginTest" time="0.004" classname="com.selenium.ZOHO.project.testcases.LoginTest">
    <skipped/>
  </testcase> <!-- doLoginTest -->
</testsuite> <!-- Default test -->
