<?xml version="1.0" encoding="UTF-8"?>
<testng-results skipped="0" failed="0" total="2" passed="2">
  <reporter-output>
  </reporter-output>
  <suite name="Default suite" duration-ms="93198" started-at="2020-10-24T20:13:20Z" finished-at="2020-10-24T20:14:53Z">
    <groups>
    </groups>
    <test name="Default test" duration-ms="93198" started-at="2020-10-24T20:13:20Z" finished-at="2020-10-24T20:14:53Z">
      <class name="com.selenium.ZOHO.project.testcases.LoginTest">
        <test-method status="PASS" signature="init()[pri:0, instance:com.selenium.ZOHO.project.testcases.LoginTest@23348b5d]" name="init" is-config="true" duration-ms="18" started-at="2020-10-24T13:13:21Z" finished-at="2020-10-24T13:13:21Z">
          <reporter-output>
          </reporter-output>
        </test-method> <!-- init -->
        <test-method status="PASS" signature="doLoginTest(java.util.Hashtable)[pri:0, instance:com.selenium.ZOHO.project.testcases.LoginTest@23348b5d]" name="doLoginTest" duration-ms="44753" started-at="2020-10-24T13:13:21Z" data-provider="getData" finished-at="2020-10-24T13:14:05Z">
          <params>
            <param index="0">
              <value>
                <![CDATA[{Username=kaagbotah@gmail.com, ExpectedResult=Y, Password=dq6D4FbTKiuxU8m, Runmode=Y, Browser=Chrome}]]>
              </value>
            </param>
          </params>
          <reporter-output>
          </reporter-output>
        </test-method> <!-- doLoginTest -->
        <test-method status="PASS" signature="quit()[pri:0, instance:com.selenium.ZOHO.project.testcases.LoginTest@23348b5d]" name="quit" is-config="true" duration-ms="1026" started-at="2020-10-24T13:14:05Z" finished-at="2020-10-24T13:14:06Z">
          <reporter-output>
          </reporter-output>
        </test-method> <!-- quit -->
        <test-method status="PASS" signature="doLoginTest(java.util.Hashtable)[pri:0, instance:com.selenium.ZOHO.project.testcases.LoginTest@23348b5d]" name="doLoginTest" duration-ms="46229" started-at="2020-10-24T13:14:06Z" data-provider="getData" finished-at="2020-10-24T13:14:53Z">
          <params>
            <param index="0">
              <value>
                <![CDATA[{Username=ramasqa8@gmail.com, ExpectedResult=N, Password=invalidpwd, Runmode=y, Browser=Chrome}]]>
              </value>
            </param>
          </params>
          <reporter-output>
          </reporter-output>
        </test-method> <!-- doLoginTest -->
        <test-method status="PASS" signature="init()[pri:0, instance:com.selenium.ZOHO.project.testcases.LoginTest@23348b5d]" name="init" is-config="true" duration-ms="0" started-at="2020-10-24T13:14:06Z" finished-at="2020-10-24T13:14:06Z">
          <reporter-output>
          </reporter-output>
        </test-method> <!-- init -->
        <test-method status="PASS" signature="quit()[pri:0, instance:com.selenium.ZOHO.project.testcases.LoginTest@23348b5d]" name="quit" is-config="true" duration-ms="290" started-at="2020-10-24T13:14:53Z" finished-at="2020-10-24T13:14:53Z">
          <reporter-output>
          </reporter-output>
        </test-method> <!-- quit -->
      </class> <!-- com.selenium.ZOHO.project.testcases.LoginTest -->
    </test> <!-- Default test -->
  </suite> <!-- Default suite -->
</testng-results>
