<?xml version="1.0" encoding="UTF-8"?>
<testng-results skipped="0" failed="0" total="2" passed="2">
  <reporter-output>
  </reporter-output>
  <suite name="Default suite" duration-ms="86519" started-at="2020-09-26T19:15:30Z" finished-at="2020-09-26T19:16:56Z">
    <groups>
    </groups>
    <test name="Default test" duration-ms="86519" started-at="2020-09-26T19:15:30Z" finished-at="2020-09-26T19:16:56Z">
      <class name="com.selenium.ZOHO.project.testcases.LoginTest">
        <test-method status="PASS" signature="init()[pri:0, instance:com.selenium.ZOHO.project.testcases.LoginTest@23348b5d]" name="init" is-config="true" duration-ms="20" started-at="2020-09-26T12:15:31Z" finished-at="2020-09-26T12:15:31Z">
          <reporter-output>
          </reporter-output>
        </test-method> <!-- init -->
        <test-method status="PASS" signature="doLoginTest(java.util.Hashtable)[pri:0, instance:com.selenium.ZOHO.project.testcases.LoginTest@23348b5d]" name="doLoginTest" duration-ms="22285" started-at="2020-09-26T12:15:31Z" data-provider="getData" finished-at="2020-09-26T12:15:53Z">
          <params>
            <param index="0">
              <value>
                <![CDATA[{Username=kaagbotah@gmail.com, ExpectedResult=Y, Password=dq6D4FbTKiuxU8m, Runmode=Y, Browser=Chrome}]]>
              </value>
            </param>
          </params>
          <reporter-output>
          </reporter-output>
        </test-method> <!-- doLoginTest -->
        <test-method status="PASS" signature="quit()[pri:0, instance:com.selenium.ZOHO.project.testcases.LoginTest@23348b5d]" name="quit" is-config="true" duration-ms="1195" started-at="2020-09-26T12:15:53Z" finished-at="2020-09-26T12:15:55Z">
          <reporter-output>
          </reporter-output>
        </test-method> <!-- quit -->
        <test-method status="PASS" signature="doLoginTest(java.util.Hashtable)[pri:0, instance:com.selenium.ZOHO.project.testcases.LoginTest@23348b5d]" name="doLoginTest" duration-ms="61259" started-at="2020-09-26T12:15:55Z" data-provider="getData" finished-at="2020-09-26T12:16:56Z">
          <params>
            <param index="0">
              <value>
                <![CDATA[{Username=ramasqa8@gmail.com, ExpectedResult=N, Password=invalidpwd, Runmode=y, Browser=Chrome}]]>
              </value>
            </param>
          </params>
          <reporter-output>
          </reporter-output>
        </test-method> <!-- doLoginTest -->
        <test-method status="PASS" signature="init()[pri:0, instance:com.selenium.ZOHO.project.testcases.LoginTest@23348b5d]" name="init" is-config="true" duration-ms="0" started-at="2020-09-26T12:15:55Z" finished-at="2020-09-26T12:15:55Z">
          <reporter-output>
          </reporter-output>
        </test-method> <!-- init -->
        <test-method status="PASS" signature="quit()[pri:0, instance:com.selenium.ZOHO.project.testcases.LoginTest@23348b5d]" name="quit" is-config="true" duration-ms="486" started-at="2020-09-26T12:16:56Z" finished-at="2020-09-26T12:16:56Z">
          <reporter-output>
          </reporter-output>
        </test-method> <!-- quit -->
      </class> <!-- com.selenium.ZOHO.project.testcases.LoginTest -->
    </test> <!-- Default test -->
  </suite> <!-- Default suite -->
</testng-results>
